{
  "RSpec": {
    "coverage": {
      "/Users/sarahvandervliet/Makers/grocery_app/app.rb": [
        1,
        1,
        1,
        null,
        null,
        1,
        null,
        1,
        3,
        null,
        3,
        null,
        null,
        1,
        1,
        1,
        1,
        null,
        null,
        1,
        null,
        null
      ],
      "/Users/sarahvandervliet/Makers/grocery_app/lib/grocery.rb": [
        1,
        null,
        1,
        1,
        5,
        null,
        5,
        5,
        15,
        null,
        null,
        null,
        1,
        2,
        2,
        null,
        null,
        1,
        null,
        1,
        15,
        15,
        15,
        null,
        null,
        null,
        1,
        1
      ],
      "/Users/sarahvandervliet/Makers/grocery_app/spec/features/grocery_app_spec.rb": [
        null,
        1,
        1,
        1,
        1,
        null,
        null,
        null,
        1,
        1,
        1,
        1,
        null,
        null,
        null,
        1,
        1,
        1,
        1,
        1,
        null,
        null
      ],
      "/Users/sarahvandervliet/Makers/grocery_app/spec/grocery_spec.rb": [
        1,
        1,
        null,
        null,
        1,
        1,
        1,
        1,
        null,
        1,
        null,
        null,
        null,
        null,
        1,
        1,
        1,
        1,
        null,
        1,
        1,
        null,
        null,
        null
      ]
    },
    "timestamp": 1571992640
  }
}
