{
  "RSpec": {
    "coverage": {
      "/Users/aaliyahjohnson/Desktop/grocery_app/app.rb": [
        1,
        1,
        1,
        null,
        null,
        1,
        null,
        1,
        3,
        3,
        null,
        null,
        1,
        1,
        1,
        1,
        1,
        null,
        null,
        null
      ],
      "/Users/aaliyahjohnson/Desktop/grocery_app/lib/grocery.rb": [
        1,
        null,
        1,
        null,
        1,
        null,
        1,
        4,
        null,
        4,
        4,
        24,
        null,
        null,
        null,
        1,
        null,
        2,
        2,
        null,
        2,
        1,
        null,
        null,
        null,
        1,
        1,
        null,
        1,
        null,
        1,
        25,
        25,
        25,
        25,
        null,
        null
      ],
      "/Users/aaliyahjohnson/Desktop/grocery_app/spec/features/grocery_app_spec.rb": [
        null,
        1,
        1,
        1,
        1,
        null,
        null,
        null,
        1,
        1,
        1,
        1,
        null,
        null,
        null,
        1,
        1,
        1,
        1,
        1,
        null,
        null
      ],
      "/Users/aaliyahjohnson/Desktop/grocery_app/spec/grocery_spec.rb": [
        1,
        1,
        null,
        null,
        1,
        1,
        1,
        1,
        null,
        1,
        null,
        null,
        null,
        null,
        1,
        1,
        1,
        1,
        null,
        1,
        1,
        null,
        null,
        null
      ]
    },
    "timestamp": 1572012970
  }
}
